#
# There is insufficient memory for the Java Runtime Environment to continue.
# Native memory allocation (mmap) failed to map 65011712 bytes. Error detail: G1 virtual space
# Possible reasons:
#   The system is out of physical RAM or swap space
#   This process is running with CompressedOops enabled, and the Java Heap may be blocking the growth of the native heap
# Possible solutions:
#   Reduce memory load on the system
#   Increase physical memory or swap space
#   Check if swap backing store is full
#   Decrease Java heap size (-Xmx/-Xms)
#   Decrease number of Java threads
#   Decrease Java thread stack sizes (-Xss)
#   Set larger code cache with -XX:ReservedCodeCacheSize=
#   JVM is running with Unscaled Compressed Oops mode in which the Java heap is
#     placed in the first 4GB address space. The Java Heap base address is the
#     maximum limit for the native heap growth. Please use -XX:HeapBaseMinAddress
#     to set the Java Heap base and to place the Java Heap above 4GB virtual address.
# This output file may be truncated or incomplete.
#
#  Out of Memory Error (os_windows.cpp:3898), pid=13864, tid=23904
#
# JRE version:  (21.0.6+8) (build )
# Java VM: OpenJDK 64-Bit Server VM (21.0.6+8-b631.39, mixed mode, sharing, tiered, compressed oops, compressed class ptrs, g1 gc, windows-amd64)
# No core dump will be written. Minidumps are not enabled by default on client versions of Windows
#

---------------  S U M M A R Y ------------

Command Line: git4idea.http.GitAskPassApp Username for 'https://github.com': 

Host: 11th Gen Intel(R) Core(TM) i3-1115G4 @ 3.00GHz, 4 cores, 3G,  Windows 11 , 64 bit Build 26100 (10.0.26100.3775)
Time: Sun Apr 20 01:52:01 2025 Central European Daylight Time elapsed time: 0.122237 seconds (0d 0h 0m 0s)

---------------  T H R E A D  ---------------

Current thread (0x00000226e2b9ba90):  JavaThread "Unknown thread" [_thread_in_vm, id=23904, stack(0x0000004466700000,0x0000004466800000) (1024K)]

Stack: [0x0000004466700000,0x0000004466800000]
Native frames: (J=compiled Java code, j=interpreted, Vv=VM code, C=native code)
V  [jvm.dll+0x6e5d39]
V  [jvm.dll+0x8c4133]
V  [jvm.dll+0x8c668e]
V  [jvm.dll+0x8c6d73]
V  [jvm.dll+0x288f76]
V  [jvm.dll+0x6e25f5]
V  [jvm.dll+0x6d60aa]
V  [jvm.dll+0x3635bb]
V  [jvm.dll+0x36b186]
V  [jvm.dll+0x3bd4b6]
V  [jvm.dll+0x3bd788]
V  [jvm.dll+0x335d2c]
V  [jvm.dll+0x336a1b]
V  [jvm.dll+0x88b589]
V  [jvm.dll+0x3ca688]
V  [jvm.dll+0x874698]
V  [jvm.dll+0x45f04e]
V  [jvm.dll+0x460d31]
C  [jli.dll+0x52ab]
C  [ucrtbase.dll+0x37b0]
C  [KERNEL32.DLL+0x2e8d7]
C  [ntdll.dll+0xb14fc]


---------------  P R O C E S S  ---------------

Threads class SMR info:
_java_thread_list=0x00007ffe8a6da148, length=0, elements={
}

Java Threads: ( => current thread )
Total: 0

Other Threads:
  0x00000226e2bd0380 WorkerThread "GC Thread#0"                     [id=15788, stack(0x0000004466800000,0x0000004466900000) (1024K)]
  0x00000226e2bd8c30 ConcurrentGCThread "G1 Main Marker"            [id=9000, stack(0x0000004466900000,0x0000004466a00000) (1024K)]
  0x00000226e2bda4c0 WorkerThread "G1 Conc#0"                       [id=8728, stack(0x0000004466a00000,0x0000004466b00000) (1024K)]

[error occurred during error reporting (printing all threads), id 0xc0000005, EXCEPTION_ACCESS_VIOLATION (0xc0000005) at pc=0x00007ffe89dc8de7]
VM state: not at safepoint (not fully initialized)

VM Mutex/Monitor currently owned by a thread:  ([mutex/lock_event])
[0x00007ffe8a74eb30] Heap_lock - owner thread: 0x00000226e2b9ba90

Heap address: 0x00000000c3200000, size: 974 MB, Compressed Oops mode: 32-bit

CDS archive(s) mapped at: [0x0000000000000000-0x0000000000000000-0x0000000000000000), size 0, SharedBaseAddress: 0x0000000800000000, ArchiveRelocationMode: 1.
Narrow klass base: 0x0000000000000000, Narrow klass shift: 0, Narrow klass range: 0x0

GC Precious Log:
 CardTable entry size: 512
 Card Set container configuration: InlinePtr #cards 5 size 8 Array Of Cards #cards 12 size 40 Howl #buckets 4 coarsen threshold 1843 Howl Bitmap #cards 512 size 80 coarsen threshold 460 Card regions per heap region 1 cards per card region 2048

Heap:
 garbage-first heap   total 0K, used 0K [0x00000000c3200000, 0x0000000100000000)
  region size 1024K, 0 young (0K), 0 survivors (0K)
 Metaspace       used 0K, committed 0K, reserved 0K
  class space    used 0K, committed 0K, reserved 0K

Heap Regions: E=young(eden), S=young(survivor), O=old, HS=humongous(starts), HC=humongous(continues), CS=collection set, F=free, TAMS=top-at-mark-start, PB=parsable bottom

Card table byte_map: [0x00000226f5d20000,0x00000226f5f10000] _byte_map_base: 0x00000226f5707000

Marking Bits: (CMBitMap*) 0x00000226e2bd0990
 Bits: [0x00000226f5f10000, 0x00000226f6e48000)

GC Heap History (0 events):
No events

Dll operation events (1 events):
Event: 0.065 Loaded shared library C:\Users\erezagreicevci\AppData\Local\JetBrains\IntelliJ IDEA Community Edition 2024.3.5\jbr\bin\java.dll

Deoptimization events (0 events):
No events

Classes loaded (0 events):
No events

Classes unloaded (0 events):
No events

Classes redefined (0 events):
No events

Internal exceptions (0 events):
No events

ZGC Phase Switch (0 events):
No events

VM Operations (0 events):
No events

Memory protections (0 events):
No events

Nmethod flushes (0 events):
No events

Events (0 events):
No events


Dynamic libraries:
0x00007ff7cd6d0000 - 0x00007ff7cd6da000 	C:\Users\erezagreicevci\AppData\Local\JetBrains\IntelliJ IDEA Community Edition 2024.3.5\jbr\bin\java.exe
0x00007ffef2f60000 - 0x00007ffef31c0000 	C:\WINDOWS\SYSTEM32\ntdll.dll
0x00007ffef18f0000 - 0x00007ffef19b7000 	C:\WINDOWS\System32\KERNEL32.DLL
0x00007ffef0140000 - 0x00007ffef050a000 	C:\WINDOWS\System32\KERNELBASE.dll
0x00007ffef0c10000 - 0x00007ffef0d5b000 	C:\WINDOWS\System32\ucrtbase.dll
0x00007ffed2f70000 - 0x00007ffed2f88000 	C:\Users\erezagreicevci\AppData\Local\JetBrains\IntelliJ IDEA Community Edition 2024.3.5\jbr\bin\jli.dll
0x00007ffef2c40000 - 0x00007ffef2e0c000 	C:\WINDOWS\System32\USER32.dll
0x00007ffef08f0000 - 0x00007ffef0917000 	C:\WINDOWS\System32\win32u.dll
0x00007ffef22c0000 - 0x00007ffef22ea000 	C:\WINDOWS\System32\GDI32.dll
0x00007ffef0720000 - 0x00007ffef0851000 	C:\WINDOWS\System32\gdi32full.dll
0x00007ffed1890000 - 0x00007ffed1b27000 	C:\WINDOWS\WinSxS\amd64_microsoft.windows.common-controls_6595b64144ccf1df_6.0.26100.3624_none_3e086962e3345f24\COMCTL32.dll
0x00007ffef05d0000 - 0x00007ffef0673000 	C:\WINDOWS\System32\msvcp_win.dll
0x00007ffee0ca0000 - 0x00007ffee0cbb000 	C:\Users\erezagreicevci\AppData\Local\JetBrains\IntelliJ IDEA Community Edition 2024.3.5\jbr\bin\VCRUNTIME140.dll
0x00007ffef19c0000 - 0x00007ffef1a69000 	C:\WINDOWS\System32\msvcrt.dll
0x00007ffef12f0000 - 0x00007ffef131f000 	C:\WINDOWS\System32\IMM32.DLL
0x00007ffee1540000 - 0x00007ffee154c000 	C:\Users\erezagreicevci\AppData\Local\JetBrains\IntelliJ IDEA Community Edition 2024.3.5\jbr\bin\vcruntime140_1.dll
0x00007ffeaf2e0000 - 0x00007ffeaf36d000 	C:\Users\erezagreicevci\AppData\Local\JetBrains\IntelliJ IDEA Community Edition 2024.3.5\jbr\bin\msvcp140.dll
0x00007ffe89a80000 - 0x00007ffe8a841000 	C:\Users\erezagreicevci\AppData\Local\JetBrains\IntelliJ IDEA Community Edition 2024.3.5\jbr\bin\server\jvm.dll
0x00007ffef2670000 - 0x00007ffef2722000 	C:\WINDOWS\System32\ADVAPI32.dll
0x00007ffef2a20000 - 0x00007ffef2ac6000 	C:\WINDOWS\System32\sechost.dll
0x00007ffef21a0000 - 0x00007ffef22b6000 	C:\WINDOWS\System32\RPCRT4.dll
0x00007ffef2760000 - 0x00007ffef27d4000 	C:\WINDOWS\System32\WS2_32.dll
0x00007ffeeff90000 - 0x00007ffeeffee000 	C:\WINDOWS\SYSTEM32\POWRPROF.dll
0x00007ffee8040000 - 0x00007ffee8076000 	C:\WINDOWS\SYSTEM32\WINMM.dll
0x00007ffed6cd0000 - 0x00007ffed6cdb000 	C:\WINDOWS\SYSTEM32\VERSION.dll
0x00007ffeeff70000 - 0x00007ffeeff84000 	C:\WINDOWS\SYSTEM32\UMPDC.dll
0x00007ffeeef50000 - 0x00007ffeeef6a000 	C:\WINDOWS\SYSTEM32\kernel.appcore.dll
0x00007ffee09b0000 - 0x00007ffee09ba000 	C:\Users\erezagreicevci\AppData\Local\JetBrains\IntelliJ IDEA Community Edition 2024.3.5\jbr\bin\jimage.dll
0x00007ffeed3c0000 - 0x00007ffeed601000 	C:\WINDOWS\SYSTEM32\DBGHELP.DLL
0x00007ffef0f60000 - 0x00007ffef12e2000 	C:\WINDOWS\System32\combase.dll
0x00007ffef2ae0000 - 0x00007ffef2bb6000 	C:\WINDOWS\System32\OLEAUT32.dll
0x00007ffecc4c0000 - 0x00007ffecc4f9000 	C:\WINDOWS\SYSTEM32\dbgcore.DLL
0x00007ffef0680000 - 0x00007ffef0719000 	C:\WINDOWS\System32\bcryptPrimitives.dll
0x00007ffee03d0000 - 0x00007ffee03f0000 	C:\Users\erezagreicevci\AppData\Local\JetBrains\IntelliJ IDEA Community Edition 2024.3.5\jbr\bin\java.dll

dbghelp: loaded successfully - version: 4.0.5 - missing functions: none
symbol engine: initialized successfully - sym options: 0x614 - pdb path: .;C:\Users\erezagreicevci\AppData\Local\JetBrains\IntelliJ IDEA Community Edition 2024.3.5\jbr\bin;C:\WINDOWS\SYSTEM32;C:\WINDOWS\WinSxS\amd64_microsoft.windows.common-controls_6595b64144ccf1df_6.0.26100.3624_none_3e086962e3345f24;C:\Users\erezagreicevci\AppData\Local\JetBrains\IntelliJ IDEA Community Edition 2024.3.5\jbr\bin\server

VM Arguments:
java_command: git4idea.http.GitAskPassApp Username for 'https://github.com': 
java_class_path (initial): C:/Users/erezagreicevci/AppData/Local/JetBrains/IntelliJ IDEA Community Edition 2024.3.5/plugins/vcs-git/lib/git4idea-rt.jar;C:/Users/erezagreicevci/AppData/Local/JetBrains/IntelliJ IDEA Community Edition 2024.3.5/lib/externalProcess-rt.jar
Launcher Type: SUN_STANDARD

[Global flags]
     intx CICompilerCount                          = 3                                         {product} {ergonomic}
     uint ConcGCThreads                            = 1                                         {product} {ergonomic}
     uint G1ConcRefinementThreads                  = 4                                         {product} {ergonomic}
   size_t G1HeapRegionSize                         = 1048576                                   {product} {ergonomic}
    uintx GCDrainStackTargetSize                   = 64                                        {product} {ergonomic}
   size_t InitialHeapSize                          = 65011712                                  {product} {ergonomic}
   size_t MarkStackSize                            = 4194304                                   {product} {ergonomic}
   size_t MaxHeapSize                              = 1021313024                                {product} {ergonomic}
   size_t MinHeapDeltaBytes                        = 1048576                                   {product} {ergonomic}
   size_t MinHeapSize                              = 8388608                                   {product} {ergonomic}
    uintx NonNMethodCodeHeapSize                   = 5832780                                {pd product} {ergonomic}
    uintx NonProfiledCodeHeapSize                  = 122912730                              {pd product} {ergonomic}
    uintx ProfiledCodeHeapSize                     = 122912730                              {pd product} {ergonomic}
    uintx ReservedCodeCacheSize                    = 251658240                              {pd product} {ergonomic}
     bool SegmentedCodeCache                       = true                                      {product} {ergonomic}
   size_t SoftMaxHeapSize                          = 1021313024                             {manageable} {ergonomic}
     bool UseCompressedOops                        = true                           {product lp64_product} {ergonomic}
     bool UseG1GC                                  = true                                      {product} {ergonomic}
     bool UseLargePagesIndividualAllocation        = false                                  {pd product} {ergonomic}

Logging:
Log output configuration:
 #0: stdout all=warning uptime,level,tags foldmultilines=false
 #1: stderr all=off uptime,level,tags foldmultilines=false

Environment Variables:
PATH=C:/Users/erezagreicevci/AppData/Local/Programs/Git/mingw64/libexec/git-core;C:/Users/erezagreicevci/AppData/Local/Programs/Git/mingw64/libexec/git-core;C:\Users\erezagreicevci\AppData\Local\Programs\Git\mingw64\bin;C:\Users\erezagreicevci\AppData\Local\Programs\Git\usr\bin;C:\Users\erezagreicevci\bin;C:\WINDOWS\system32;C:\WINDOWS;C:\WINDOWS\System32\Wbem;C:\WINDOWS\System32\WindowsPowerShell\v1.0\;C:\WINDOWS\System32\OpenSSH\;C:\Users\erezagreicevci\AppData\Local\Microsoft\WindowsApps;C:\Users\erezagreicevci\AppData\Local\Programs\Microsoft VS Code\bin;C:\Users\erezagreicevci\AppData\Local\Programs\Git\cmd;C:\Users\erezagreicevci\AppData\Local\GitHubDesktop\bin
USERNAME=erezagreicevci
DISPLAY=:0.0
LC_ALL=en_US.UTF-8
TERM=xterm-256color
TMPDIR=C:\Users\EREZAG~1\AppData\Local\Temp
OS=Windows_NT
PROCESSOR_IDENTIFIER=Intel64 Family 6 Model 140 Stepping 1, GenuineIntel
TMP=C:\Users\EREZAG~1\AppData\Local\Temp
TEMP=C:\Users\EREZAG~1\AppData\Local\Temp




Periodic native trim disabled

JNI global refs:
JNI global refs: 0, weak refs: 0

JNI global refs memory usage: 0, weak refs: 0

Process memory usage:
Resident Set Size: 12124K (0% of 3988792K total physical memory with 15720K free physical memory)

OOME stack traces (most recent first):
Classloader memory used:

---------------  S Y S T E M  ---------------

OS:
 Windows 11 , 64 bit Build 26100 (10.0.26100.3775)
OS uptime: 3 days 0:12 hours

CPU: total 4 (initial active 4) (2 cores per cpu, 2 threads per core) family 6 model 140 stepping 1 microcode 0x8a, cx8, cmov, fxsr, ht, mmx, 3dnowpref, sse, sse2, sse3, ssse3, sse4.1, sse4.2, popcnt, lzcnt, tsc, tscinvbit, avx, avx2, aes, erms, clmul, bmi1, bmi2, adx, avx512f, avx512dq, avx512cd, avx512bw, avx512vl, sha, fma, vzeroupper, avx512_vpopcntdq, avx512_vpclmulqdq, avx512_vaes, avx512_vnni, clflush, clflushopt, clwb, avx512_vbmi2, avx512_vbmi, rdtscp, rdpid, fsrm, gfni, avx512_bitalg, f16c, pku, cet_ibt, cet_ss, avx512_ifma
Processor Information for the first 4 processors :
  Max Mhz: 2995, Current Mhz: 2995, Mhz Limit: 2995

Memory: 4k page, system-wide physical 3895M (15M free)
TotalPageFile size 15671M (AvailPageFile size 52M)
current process WorkingSet (physical memory assigned to process): 11M, peak: 11M
current process commit charge ("private bytes"): 51M, peak: 113M

vm_info: OpenJDK 64-Bit Server VM (21.0.6+8-b631.39) for windows-amd64 JRE (21.0.6+8-b631.39), built on 2025-02-04 by "builduser" with MS VC++ 16.10 / 16.11 (VS2019)

END.
